{"C:\\Users\\mugis\\Desktop\\dev\\credit-jambo\\savings-ms-client\\backend\\src\\app.js": {"path":"C:\\Users\\mugis\\Desktop\\dev\\credit-jambo\\savings-ms-client\\backend\\src\\app.js","statementMap":{"0":{"start":{"line":12,"column":11},"end":{"line":12,"column":21}},"1":{"start":{"line":15,"column":0},"end":{"line":23,"column":2}},"2":{"start":{"line":26,"column":0},"end":{"line":26,"column":18}},"3":{"start":{"line":29,"column":0},"end":{"line":29,"column":24}},"4":{"start":{"line":32,"column":0},"end":{"line":34,"column":3}},"5":{"start":{"line":33,"column":2},"end":{"line":33,"column":47}},"6":{"start":{"line":35,"column":0},"end":{"line":37,"column":3}},"7":{"start":{"line":36,"column":2},"end":{"line":36,"column":29}},"8":{"start":{"line":38,"column":0},"end":{"line":38,"column":68}},"9":{"start":{"line":39,"column":0},"end":{"line":39,"column":36}},"10":{"start":{"line":40,"column":0},"end":{"line":40,"column":42}},"11":{"start":{"line":41,"column":0},"end":{"line":41,"column":38}}},"fnMap":{"0":{"name":"(anonymous_0)","decl":{"start":{"line":32,"column":13},"end":{"line":32,"column":14}},"loc":{"start":{"line":32,"column":27},"end":{"line":34,"column":1}},"line":32},"1":{"name":"(anonymous_1)","decl":{"start":{"line":35,"column":26},"end":{"line":35,"column":27}},"loc":{"start":{"line":35,"column":40},"end":{"line":37,"column":1}},"line":35}},"branchMap":{},"s":{"0":1,"1":1,"2":1,"3":1,"4":1,"5":0,"6":1,"7":0,"8":1,"9":1,"10":1,"11":1},"f":{"0":0,"1":0},"b":{},"meta":{"lastBranch":0,"lastFunction":2,"lastStatement":12,"seen":{"s:12:11:12:21":0,"s:15:0:23:2":1,"s:26:0:26:18":2,"s:29:0:29:24":3,"s:32:0:34:3":4,"f:32:13:32:14":0,"s:33:2:33:47":5,"s:35:0:37:3":6,"f:35:26:35:27":1,"s:36:2:36:29":7,"s:38:0:38:68":8,"s:39:0:39:36":9,"s:40:0:40:42":10,"s:41:0:41:38":11}}}
,"C:\\Users\\mugis\\Desktop\\dev\\credit-jambo\\savings-ms-client\\backend\\src\\config\\swagger.config.js": {"path":"C:\\Users\\mugis\\Desktop\\dev\\credit-jambo\\savings-ms-client\\backend\\src\\config\\swagger.config.js","statementMap":{"0":{"start":{"line":3,"column":26},"end":{"line":101,"column":1}},"1":{"start":{"line":103,"column":16},"end":{"line":108,"column":1}},"2":{"start":{"line":110,"column":26},"end":{"line":110,"column":48}}},"fnMap":{},"branchMap":{"0":{"loc":{"start":{"line":12,"column":13},"end":{"line":12,"column":61}},"type":"binary-expr","locations":[{"start":{"line":12,"column":13},"end":{"line":12,"column":36}},{"start":{"line":12,"column":40},"end":{"line":12,"column":61}}],"line":12},"1":{"loc":{"start":{"line":17,"column":34},"end":{"line":17,"column":58}},"type":"binary-expr","locations":[{"start":{"line":17,"column":34},"end":{"line":17,"column":50}},{"start":{"line":17,"column":54},"end":{"line":17,"column":58}}],"line":17}},"s":{"0":1,"1":1,"2":1},"f":{},"b":{"0":[1,0],"1":[1,0]},"meta":{"lastBranch":2,"lastFunction":0,"lastStatement":3,"seen":{"s:3:26:101:1":0,"b:12:13:12:36:12:40:12:61":0,"b:17:34:17:50:17:54:17:58":1,"s:103:16:108:1":1,"s:110:26:110:48":2}}}
,"C:\\Users\\mugis\\Desktop\\dev\\credit-jambo\\savings-ms-client\\backend\\src\\controllers\\admin.controller.js": {"path":"C:\\Users\\mugis\\Desktop\\dev\\credit-jambo\\savings-ms-client\\backend\\src\\controllers\\admin.controller.js","statementMap":{"0":{"start":{"line":8,"column":26},"end":{"line":29,"column":1}},"1":{"start":{"line":9,"column":2},"end":{"line":28,"column":null}},"2":{"start":{"line":10,"column":32},"end":{"line":10,"column":40}},"3":{"start":{"line":11,"column":18},"end":{"line":11,"column":48}},"4":{"start":{"line":12,"column":4},"end":{"line":14,"column":null}},"5":{"start":{"line":13,"column":6},"end":{"line":13,"column":null}},"6":{"start":{"line":15,"column":28},"end":{"line":15,"column":74}},"7":{"start":{"line":16,"column":4},"end":{"line":18,"column":null}},"8":{"start":{"line":17,"column":6},"end":{"line":17,"column":null}},"9":{"start":{"line":19,"column":20},"end":{"line":19,"column":77}},"10":{"start":{"line":20,"column":23},"end":{"line":20,"column":52}},"11":{"start":{"line":21,"column":4},"end":{"line":25,"column":null}},"12":{"start":{"line":27,"column":4},"end":{"line":27,"column":null}},"13":{"start":{"line":31,"column":27},"end":{"line":39,"column":1}},"14":{"start":{"line":32,"column":2},"end":{"line":38,"column":null}},"15":{"start":{"line":35,"column":4},"end":{"line":35,"column":null}},"16":{"start":{"line":37,"column":4},"end":{"line":37,"column":null}},"17":{"start":{"line":41,"column":25},"end":{"line":67,"column":1}},"18":{"start":{"line":42,"column":2},"end":{"line":66,"column":null}},"19":{"start":{"line":43,"column":50},"end":{"line":43,"column":59}},"20":{"start":{"line":44,"column":18},"end":{"line":51,"column":10}},"21":{"start":{"line":52,"column":18},"end":{"line":56,"column":73}},"22":{"start":{"line":57,"column":18},"end":{"line":57,"column":50}},"23":{"start":{"line":58,"column":4},"end":{"line":63,"column":null}},"24":{"start":{"line":65,"column":4},"end":{"line":65,"column":null}},"25":{"start":{"line":69,"column":27},"end":{"line":82,"column":1}},"26":{"start":{"line":70,"column":2},"end":{"line":81,"column":null}},"27":{"start":{"line":71,"column":23},"end":{"line":71,"column":33}},"28":{"start":{"line":72,"column":17},"end":{"line":74,"column":5}},"29":{"start":{"line":75,"column":4},"end":{"line":77,"column":null}},"30":{"start":{"line":76,"column":6},"end":{"line":76,"column":null}},"31":{"start":{"line":78,"column":4},"end":{"line":78,"column":null}},"32":{"start":{"line":80,"column":4},"end":{"line":80,"column":null}},"33":{"start":{"line":84,"column":32},"end":{"line":116,"column":1}},"34":{"start":{"line":85,"column":2},"end":{"line":115,"column":null}},"35":{"start":{"line":86,"column":23},"end":{"line":86,"column":33}},"36":{"start":{"line":87,"column":17},"end":{"line":87,"column":44}},"37":{"start":{"line":88,"column":4},"end":{"line":90,"column":null}},"38":{"start":{"line":89,"column":6},"end":{"line":89,"column":null}},"39":{"start":{"line":91,"column":4},"end":{"line":91,"column":null}},"40":{"start":{"line":92,"column":4},"end":{"line":92,"column":null}},"41":{"start":{"line":94,"column":4},"end":{"line":108,"column":null}},"42":{"start":{"line":95,"column":6},"end":{"line":107,"column":null}},"43":{"start":{"line":96,"column":8},"end":{"line":101,"column":null}},"44":{"start":{"line":104,"column":8},"end":{"line":106,"column":null}},"45":{"start":{"line":109,"column":4},"end":{"line":112,"column":null}},"46":{"start":{"line":114,"column":4},"end":{"line":114,"column":null}},"47":{"start":{"line":118,"column":32},"end":{"line":137,"column":1}},"48":{"start":{"line":119,"column":2},"end":{"line":136,"column":null}},"49":{"start":{"line":120,"column":45},"end":{"line":120,"column":54}},"50":{"start":{"line":121,"column":19},"end":{"line":121,"column":43}},"51":{"start":{"line":122,"column":25},"end":{"line":126,"column":61}},"52":{"start":{"line":127,"column":18},"end":{"line":127,"column":58}},"53":{"start":{"line":128,"column":4},"end":{"line":133,"column":null}},"54":{"start":{"line":135,"column":4},"end":{"line":135,"column":null}},"55":{"start":{"line":139,"column":30},"end":{"line":154,"column":1}},"56":{"start":{"line":140,"column":2},"end":{"line":153,"column":null}},"57":{"start":{"line":141,"column":23},"end":{"line":141,"column":50}},"58":{"start":{"line":142,"column":26},"end":{"line":142,"column":77}},"59":{"start":{"line":143,"column":28},"end":{"line":145,"column":6}},"60":{"start":{"line":146,"column":25},"end":{"line":146,"column":62}},"61":{"start":{"line":147,"column":30},"end":{"line":147,"column":64}},"62":{"start":{"line":148,"column":4},"end":{"line":150,"column":null}},"63":{"start":{"line":152,"column":4},"end":{"line":152,"column":null}}},"fnMap":{"0":{"name":"(anonymous_0)","decl":{"start":{"line":8,"column":26},"end":{"line":8,"column":31}},"loc":{"start":{"line":8,"column":46},"end":{"line":29,"column":1}},"line":8},"1":{"name":"(anonymous_1)","decl":{"start":{"line":31,"column":27},"end":{"line":31,"column":32}},"loc":{"start":{"line":31,"column":47},"end":{"line":39,"column":1}},"line":31},"2":{"name":"(anonymous_2)","decl":{"start":{"line":41,"column":25},"end":{"line":41,"column":30}},"loc":{"start":{"line":41,"column":45},"end":{"line":67,"column":1}},"line":41},"3":{"name":"(anonymous_3)","decl":{"start":{"line":69,"column":27},"end":{"line":69,"column":32}},"loc":{"start":{"line":69,"column":47},"end":{"line":82,"column":1}},"line":69},"4":{"name":"(anonymous_4)","decl":{"start":{"line":84,"column":32},"end":{"line":84,"column":37}},"loc":{"start":{"line":84,"column":52},"end":{"line":116,"column":1}},"line":84},"5":{"name":"(anonymous_5)","decl":{"start":{"line":118,"column":32},"end":{"line":118,"column":37}},"loc":{"start":{"line":118,"column":52},"end":{"line":137,"column":1}},"line":118},"6":{"name":"(anonymous_6)","decl":{"start":{"line":139,"column":30},"end":{"line":139,"column":35}},"loc":{"start":{"line":139,"column":50},"end":{"line":154,"column":1}},"line":139}},"branchMap":{"0":{"loc":{"start":{"line":12,"column":4},"end":{"line":14,"column":null}},"type":"if","locations":[{"start":{"line":12,"column":4},"end":{"line":14,"column":null}},{"start":{},"end":{}}],"line":12},"1":{"loc":{"start":{"line":16,"column":4},"end":{"line":18,"column":null}},"type":"if","locations":[{"start":{"line":16,"column":4},"end":{"line":18,"column":null}},{"start":{},"end":{}}],"line":16},"2":{"loc":{"start":{"line":43,"column":12},"end":{"line":43,"column":20}},"type":"default-arg","locations":[{"start":{"line":43,"column":19},"end":{"line":43,"column":20}}],"line":43},"3":{"loc":{"start":{"line":43,"column":22},"end":{"line":43,"column":32}},"type":"default-arg","locations":[{"start":{"line":43,"column":30},"end":{"line":43,"column":32}}],"line":43},"4":{"loc":{"start":{"line":43,"column":34},"end":{"line":43,"column":45}},"type":"default-arg","locations":[{"start":{"line":43,"column":43},"end":{"line":43,"column":45}}],"line":43},"5":{"loc":{"start":{"line":44,"column":18},"end":{"line":51,"column":10}},"type":"cond-expr","locations":[{"start":{"line":45,"column":8},"end":{"line":50,"column":null}},{"start":{"line":51,"column":8},"end":{"line":51,"column":10}}],"line":44},"6":{"loc":{"start":{"line":75,"column":4},"end":{"line":77,"column":null}},"type":"if","locations":[{"start":{"line":75,"column":4},"end":{"line":77,"column":null}},{"start":{},"end":{}}],"line":75},"7":{"loc":{"start":{"line":88,"column":4},"end":{"line":90,"column":null}},"type":"if","locations":[{"start":{"line":88,"column":4},"end":{"line":90,"column":null}},{"start":{},"end":{}}],"line":88},"8":{"loc":{"start":{"line":94,"column":4},"end":{"line":108,"column":null}},"type":"if","locations":[{"start":{"line":94,"column":4},"end":{"line":108,"column":null}},{"start":{},"end":{}}],"line":94},"9":{"loc":{"start":{"line":120,"column":12},"end":{"line":120,"column":20}},"type":"default-arg","locations":[{"start":{"line":120,"column":19},"end":{"line":120,"column":20}}],"line":120},"10":{"loc":{"start":{"line":120,"column":22},"end":{"line":120,"column":32}},"type":"default-arg","locations":[{"start":{"line":120,"column":30},"end":{"line":120,"column":32}}],"line":120},"11":{"loc":{"start":{"line":121,"column":19},"end":{"line":121,"column":43}},"type":"cond-expr","locations":[{"start":{"line":121,"column":28},"end":{"line":121,"column":38}},{"start":{"line":121,"column":41},"end":{"line":121,"column":43}}],"line":121},"12":{"loc":{"start":{"line":146,"column":25},"end":{"line":146,"column":62}},"type":"binary-expr","locations":[{"start":{"line":146,"column":25},"end":{"line":146,"column":57}},{"start":{"line":146,"column":61},"end":{"line":146,"column":62}}],"line":146}},"s":{"0":1,"1":0,"2":0,"3":0,"4":0,"5":0,"6":0,"7":0,"8":0,"9":0,"10":0,"11":0,"12":0,"13":1,"14":0,"15":0,"16":0,"17":1,"18":0,"19":0,"20":0,"21":0,"22":0,"23":0,"24":0,"25":1,"26":0,"27":0,"28":0,"29":0,"30":0,"31":0,"32":0,"33":1,"34":0,"35":0,"36":0,"37":0,"38":0,"39":0,"40":0,"41":0,"42":0,"43":0,"44":0,"45":0,"46":0,"47":1,"48":0,"49":0,"50":0,"51":0,"52":0,"53":0,"54":0,"55":1,"56":0,"57":0,"58":0,"59":0,"60":0,"61":0,"62":0,"63":0},"f":{"0":0,"1":0,"2":0,"3":0,"4":0,"5":0,"6":0},"b":{"0":[0,0],"1":[0,0],"2":[0],"3":[0],"4":[0],"5":[0,0],"6":[0,0],"7":[0,0],"8":[0,0],"9":[0],"10":[0],"11":[0,0],"12":[0,0]},"meta":{"lastBranch":13,"lastFunction":7,"lastStatement":64,"seen":{"s:8:26:29:1":0,"f:8:26:8:31":0,"s:9:2:28:Infinity":1,"s:10:32:10:40":2,"s:11:18:11:48":3,"b:12:4:14:Infinity:undefined:undefined:undefined:undefined":0,"s:12:4:14:Infinity":4,"s:13:6:13:Infinity":5,"s:15:28:15:74":6,"b:16:4:18:Infinity:undefined:undefined:undefined:undefined":1,"s:16:4:18:Infinity":7,"s:17:6:17:Infinity":8,"s:19:20:19:77":9,"s:20:23:20:52":10,"s:21:4:25:Infinity":11,"s:27:4:27:Infinity":12,"s:31:27:39:1":13,"f:31:27:31:32":1,"s:32:2:38:Infinity":14,"s:35:4:35:Infinity":15,"s:37:4:37:Infinity":16,"s:41:25:67:1":17,"f:41:25:41:30":2,"s:42:2:66:Infinity":18,"s:43:50:43:59":19,"b:43:19:43:20":2,"b:43:30:43:32":3,"b:43:43:43:45":4,"s:44:18:51:10":20,"b:45:8:50:Infinity:51:8:51:10":5,"s:52:18:56:73":21,"s:57:18:57:50":22,"s:58:4:63:Infinity":23,"s:65:4:65:Infinity":24,"s:69:27:82:1":25,"f:69:27:69:32":3,"s:70:2:81:Infinity":26,"s:71:23:71:33":27,"s:72:17:74:5":28,"b:75:4:77:Infinity:undefined:undefined:undefined:undefined":6,"s:75:4:77:Infinity":29,"s:76:6:76:Infinity":30,"s:78:4:78:Infinity":31,"s:80:4:80:Infinity":32,"s:84:32:116:1":33,"f:84:32:84:37":4,"s:85:2:115:Infinity":34,"s:86:23:86:33":35,"s:87:17:87:44":36,"b:88:4:90:Infinity:undefined:undefined:undefined:undefined":7,"s:88:4:90:Infinity":37,"s:89:6:89:Infinity":38,"s:91:4:91:Infinity":39,"s:92:4:92:Infinity":40,"b:94:4:108:Infinity:undefined:undefined:undefined:undefined":8,"s:94:4:108:Infinity":41,"s:95:6:107:Infinity":42,"s:96:8:101:Infinity":43,"s:104:8:106:Infinity":44,"s:109:4:112:Infinity":45,"s:114:4:114:Infinity":46,"s:118:32:137:1":47,"f:118:32:118:37":5,"s:119:2:136:Infinity":48,"s:120:45:120:54":49,"b:120:19:120:20":9,"b:120:30:120:32":10,"s:121:19:121:43":50,"b:121:28:121:38:121:41:121:43":11,"s:122:25:126:61":51,"s:127:18:127:58":52,"s:128:4:133:Infinity":53,"s:135:4:135:Infinity":54,"s:139:30:154:1":55,"f:139:30:139:35":6,"s:140:2:153:Infinity":56,"s:141:23:141:50":57,"s:142:26:142:77":58,"s:143:28:145:6":59,"s:146:25:146:62":60,"b:146:25:146:57:146:61:146:62":12,"s:147:30:147:64":61,"s:148:4:150:Infinity":62,"s:152:4:152:Infinity":63}}}
,"C:\\Users\\mugis\\Desktop\\dev\\credit-jambo\\savings-ms-client\\backend\\src\\controllers\\auth.controller.js": {"path":"C:\\Users\\mugis\\Desktop\\dev\\credit-jambo\\savings-ms-client\\backend\\src\\controllers\\auth.controller.js","statementMap":{"0":{"start":{"line":12,"column":28},"end":{"line":38,"column":1}},"1":{"start":{"line":13,"column":2},"end":{"line":37,"column":3}},"2":{"start":{"line":14,"column":63},"end":{"line":14,"column":71}},"3":{"start":{"line":15,"column":17},"end":{"line":15,"column":46}},"4":{"start":{"line":16,"column":4},"end":{"line":18,"column":5}},"5":{"start":{"line":17,"column":6},"end":{"line":17,"column":70}},"6":{"start":{"line":21,"column":27},"end":{"line":21,"column":58}},"7":{"start":{"line":22,"column":20},"end":{"line":28,"column":6}},"8":{"start":{"line":30,"column":19},"end":{"line":30,"column":38}},"9":{"start":{"line":31,"column":4},"end":{"line":33,"column":69}},"10":{"start":{"line":35,"column":4},"end":{"line":35,"column":53}},"11":{"start":{"line":36,"column":4},"end":{"line":36,"column":60}},"12":{"start":{"line":40,"column":25},"end":{"line":101,"column":1}},"13":{"start":{"line":41,"column":2},"end":{"line":100,"column":3}},"14":{"start":{"line":42,"column":43},"end":{"line":42,"column":51}},"15":{"start":{"line":45,"column":17},"end":{"line":45,"column":46}},"16":{"start":{"line":46,"column":4},"end":{"line":48,"column":5}},"17":{"start":{"line":47,"column":6},"end":{"line":47,"column":76}},"18":{"start":{"line":51,"column":4},"end":{"line":55,"column":5}},"19":{"start":{"line":52,"column":6},"end":{"line":54,"column":9}},"20":{"start":{"line":58,"column":28},"end":{"line":58,"column":73}},"21":{"start":{"line":59,"column":4},"end":{"line":61,"column":5}},"22":{"start":{"line":60,"column":6},"end":{"line":60,"column":76}},"23":{"start":{"line":63,"column":4},"end":{"line":66,"column":5}},"24":{"start":{"line":64,"column":6},"end":{"line":64,"column":33}},"25":{"start":{"line":65,"column":6},"end":{"line":65,"column":24}},"26":{"start":{"line":69,"column":20},"end":{"line":69,"column":59}},"27":{"start":{"line":70,"column":23},"end":{"line":70,"column":52}},"28":{"start":{"line":71,"column":24},"end":{"line":71,"column":54}},"29":{"start":{"line":74,"column":19},"end":{"line":74,"column":35}},"30":{"start":{"line":77,"column":4},"end":{"line":88,"column":5}},"31":{"start":{"line":78,"column":6},"end":{"line":87,"column":7}},"32":{"start":{"line":79,"column":8},"end":{"line":84,"column":10}},"33":{"start":{"line":86,"column":8},"end":{"line":86,"column":75}},"34":{"start":{"line":91,"column":4},"end":{"line":96,"column":7}},"35":{"start":{"line":98,"column":4},"end":{"line":98,"column":53}},"36":{"start":{"line":99,"column":4},"end":{"line":99,"column":59}},"37":{"start":{"line":103,"column":32},"end":{"line":137,"column":1}},"38":{"start":{"line":104,"column":2},"end":{"line":136,"column":3}},"39":{"start":{"line":105,"column":29},"end":{"line":105,"column":37}},"40":{"start":{"line":107,"column":4},"end":{"line":109,"column":5}},"41":{"start":{"line":108,"column":6},"end":{"line":108,"column":73}},"42":{"start":{"line":112,"column":19},"end":{"line":112,"column":52}},"43":{"start":{"line":115,"column":17},"end":{"line":115,"column":52}},"44":{"start":{"line":117,"column":4},"end":{"line":119,"column":5}},"45":{"start":{"line":118,"column":6},"end":{"line":118,"column":65}},"46":{"start":{"line":121,"column":4},"end":{"line":123,"column":5}},"47":{"start":{"line":122,"column":6},"end":{"line":122,"column":70}},"48":{"start":{"line":126,"column":20},"end":{"line":126,"column":59}},"49":{"start":{"line":127,"column":23},"end":{"line":127,"column":52}},"50":{"start":{"line":129,"column":4},"end":{"line":132,"column":7}},"51":{"start":{"line":134,"column":4},"end":{"line":134,"column":53}},"52":{"start":{"line":135,"column":4},"end":{"line":135,"column":60}},"53":{"start":{"line":139,"column":31},"end":{"line":163,"column":1}},"54":{"start":{"line":140,"column":2},"end":{"line":162,"column":3}},"55":{"start":{"line":141,"column":19},"end":{"line":141,"column":34}},"56":{"start":{"line":142,"column":26},"end":{"line":142,"column":34}},"57":{"start":{"line":144,"column":4},"end":{"line":146,"column":5}},"58":{"start":{"line":145,"column":6},"end":{"line":145,"column":73}},"59":{"start":{"line":148,"column":17},"end":{"line":148,"column":44}},"60":{"start":{"line":149,"column":4},"end":{"line":151,"column":5}},"61":{"start":{"line":150,"column":6},"end":{"line":150,"column":65}},"62":{"start":{"line":153,"column":4},"end":{"line":153,"column":31}},"63":{"start":{"line":154,"column":4},"end":{"line":154,"column":22}},"64":{"start":{"line":156,"column":4},"end":{"line":158,"column":7}},"65":{"start":{"line":160,"column":4},"end":{"line":160,"column":53}},"66":{"start":{"line":161,"column":4},"end":{"line":161,"column":63}}},"fnMap":{"0":{"name":"(anonymous_0)","decl":{"start":{"line":12,"column":28},"end":{"line":12,"column":33}},"loc":{"start":{"line":12,"column":48},"end":{"line":38,"column":1}},"line":12},"1":{"name":"(anonymous_1)","decl":{"start":{"line":40,"column":25},"end":{"line":40,"column":30}},"loc":{"start":{"line":40,"column":45},"end":{"line":101,"column":1}},"line":40},"2":{"name":"(anonymous_2)","decl":{"start":{"line":103,"column":32},"end":{"line":103,"column":37}},"loc":{"start":{"line":103,"column":52},"end":{"line":137,"column":1}},"line":103},"3":{"name":"(anonymous_3)","decl":{"start":{"line":139,"column":31},"end":{"line":139,"column":36}},"loc":{"start":{"line":139,"column":51},"end":{"line":163,"column":1}},"line":139}},"branchMap":{"0":{"loc":{"start":{"line":16,"column":4},"end":{"line":18,"column":5}},"type":"if","locations":[{"start":{"line":16,"column":4},"end":{"line":18,"column":5}},{"start":{},"end":{}}],"line":16},"1":{"loc":{"start":{"line":46,"column":4},"end":{"line":48,"column":5}},"type":"if","locations":[{"start":{"line":46,"column":4},"end":{"line":48,"column":5}},{"start":{},"end":{}}],"line":46},"2":{"loc":{"start":{"line":51,"column":4},"end":{"line":55,"column":5}},"type":"if","locations":[{"start":{"line":51,"column":4},"end":{"line":55,"column":5}},{"start":{},"end":{}}],"line":51},"3":{"loc":{"start":{"line":59,"column":4},"end":{"line":61,"column":5}},"type":"if","locations":[{"start":{"line":59,"column":4},"end":{"line":61,"column":5}},{"start":{},"end":{}}],"line":59},"4":{"loc":{"start":{"line":63,"column":4},"end":{"line":66,"column":5}},"type":"if","locations":[{"start":{"line":63,"column":4},"end":{"line":66,"column":5}},{"start":{},"end":{}}],"line":63},"5":{"loc":{"start":{"line":77,"column":4},"end":{"line":88,"column":5}},"type":"if","locations":[{"start":{"line":77,"column":4},"end":{"line":88,"column":5}},{"start":{},"end":{}}],"line":77},"6":{"loc":{"start":{"line":107,"column":4},"end":{"line":109,"column":5}},"type":"if","locations":[{"start":{"line":107,"column":4},"end":{"line":109,"column":5}},{"start":{},"end":{}}],"line":107},"7":{"loc":{"start":{"line":117,"column":4},"end":{"line":119,"column":5}},"type":"if","locations":[{"start":{"line":117,"column":4},"end":{"line":119,"column":5}},{"start":{},"end":{}}],"line":117},"8":{"loc":{"start":{"line":121,"column":4},"end":{"line":123,"column":5}},"type":"if","locations":[{"start":{"line":121,"column":4},"end":{"line":123,"column":5}},{"start":{},"end":{}}],"line":121},"9":{"loc":{"start":{"line":144,"column":4},"end":{"line":146,"column":5}},"type":"if","locations":[{"start":{"line":144,"column":4},"end":{"line":146,"column":5}},{"start":{},"end":{}}],"line":144},"10":{"loc":{"start":{"line":149,"column":4},"end":{"line":151,"column":5}},"type":"if","locations":[{"start":{"line":149,"column":4},"end":{"line":151,"column":5}},{"start":{},"end":{}}],"line":149}},"s":{"0":1,"1":2,"2":2,"3":2,"4":2,"5":1,"6":1,"7":1,"8":1,"9":1,"10":0,"11":0,"12":1,"13":4,"14":4,"15":4,"16":4,"17":1,"18":3,"19":1,"20":2,"21":2,"22":1,"23":1,"24":1,"25":1,"26":1,"27":1,"28":1,"29":1,"30":1,"31":1,"32":1,"33":0,"34":1,"35":0,"36":0,"37":1,"38":0,"39":0,"40":0,"41":0,"42":0,"43":0,"44":0,"45":0,"46":0,"47":0,"48":0,"49":0,"50":0,"51":0,"52":0,"53":1,"54":0,"55":0,"56":0,"57":0,"58":0,"59":0,"60":0,"61":0,"62":0,"63":0,"64":0,"65":0,"66":0},"f":{"0":2,"1":4,"2":0,"3":0},"b":{"0":[1,1],"1":[1,3],"2":[1,2],"3":[1,1],"4":[1,0],"5":[1,0],"6":[0,0],"7":[0,0],"8":[0,0],"9":[0,0],"10":[0,0]},"meta":{"lastBranch":11,"lastFunction":4,"lastStatement":67,"seen":{"s:12:28:38:1":0,"f:12:28:12:33":0,"s:13:2:37:3":1,"s:14:63:14:71":2,"s:15:17:15:46":3,"b:16:4:18:5:undefined:undefined:undefined:undefined":0,"s:16:4:18:5":4,"s:17:6:17:70":5,"s:21:27:21:58":6,"s:22:20:28:6":7,"s:30:19:30:38":8,"s:31:4:33:69":9,"s:35:4:35:53":10,"s:36:4:36:60":11,"s:40:25:101:1":12,"f:40:25:40:30":1,"s:41:2:100:3":13,"s:42:43:42:51":14,"s:45:17:45:46":15,"b:46:4:48:5:undefined:undefined:undefined:undefined":1,"s:46:4:48:5":16,"s:47:6:47:76":17,"b:51:4:55:5:undefined:undefined:undefined:undefined":2,"s:51:4:55:5":18,"s:52:6:54:9":19,"s:58:28:58:73":20,"b:59:4:61:5:undefined:undefined:undefined:undefined":3,"s:59:4:61:5":21,"s:60:6:60:76":22,"b:63:4:66:5:undefined:undefined:undefined:undefined":4,"s:63:4:66:5":23,"s:64:6:64:33":24,"s:65:6:65:24":25,"s:69:20:69:59":26,"s:70:23:70:52":27,"s:71:24:71:54":28,"s:74:19:74:35":29,"b:77:4:88:5:undefined:undefined:undefined:undefined":5,"s:77:4:88:5":30,"s:78:6:87:7":31,"s:79:8:84:10":32,"s:86:8:86:75":33,"s:91:4:96:7":34,"s:98:4:98:53":35,"s:99:4:99:59":36,"s:103:32:137:1":37,"f:103:32:103:37":2,"s:104:2:136:3":38,"s:105:29:105:37":39,"b:107:4:109:5:undefined:undefined:undefined:undefined":6,"s:107:4:109:5":40,"s:108:6:108:73":41,"s:112:19:112:52":42,"s:115:17:115:52":43,"b:117:4:119:5:undefined:undefined:undefined:undefined":7,"s:117:4:119:5":44,"s:118:6:118:65":45,"b:121:4:123:5:undefined:undefined:undefined:undefined":8,"s:121:4:123:5":46,"s:122:6:122:70":47,"s:126:20:126:59":48,"s:127:23:127:52":49,"s:129:4:132:7":50,"s:134:4:134:53":51,"s:135:4:135:60":52,"s:139:31:163:1":53,"f:139:31:139:36":3,"s:140:2:162:3":54,"s:141:19:141:34":55,"s:142:26:142:34":56,"b:144:4:146:5:undefined:undefined:undefined:undefined":9,"s:144:4:146:5":57,"s:145:6:145:73":58,"s:148:17:148:44":59,"b:149:4:151:5:undefined:undefined:undefined:undefined":10,"s:149:4:151:5":60,"s:150:6:150:65":61,"s:153:4:153:31":62,"s:154:4:154:22":63,"s:156:4:158:7":64,"s:160:4:160:53":65,"s:161:4:161:63":66}}}
,"C:\\Users\\mugis\\Desktop\\dev\\credit-jambo\\savings-ms-client\\backend\\src\\controllers\\savings.controller.js": {"path":"C:\\Users\\mugis\\Desktop\\dev\\credit-jambo\\savings-ms-client\\backend\\src\\controllers\\savings.controller.js","statementMap":{"0":{"start":{"line":6,"column":26},"end":{"line":23,"column":1}},"1":{"start":{"line":7,"column":4},"end":{"line":22,"column":5}},"2":{"start":{"line":8,"column":23},"end":{"line":8,"column":38}},"3":{"start":{"line":9,"column":21},"end":{"line":9,"column":48}},"4":{"start":{"line":11,"column":8},"end":{"line":13,"column":9}},"5":{"start":{"line":12,"column":12},"end":{"line":12,"column":71}},"6":{"start":{"line":15,"column":8},"end":{"line":18,"column":11}},"7":{"start":{"line":20,"column":8},"end":{"line":20,"column":57}},"8":{"start":{"line":21,"column":8},"end":{"line":21,"column":63}},"9":{"start":{"line":25,"column":23},"end":{"line":81,"column":1}},"10":{"start":{"line":26,"column":4},"end":{"line":80,"column":5}},"11":{"start":{"line":27,"column":23},"end":{"line":27,"column":38}},"12":{"start":{"line":28,"column":27},"end":{"line":28,"column":35}},"13":{"start":{"line":30,"column":8},"end":{"line":32,"column":9}},"14":{"start":{"line":31,"column":12},"end":{"line":31,"column":95}},"15":{"start":{"line":34,"column":21},"end":{"line":34,"column":48}},"16":{"start":{"line":35,"column":8},"end":{"line":37,"column":9}},"17":{"start":{"line":36,"column":12},"end":{"line":36,"column":71}},"18":{"start":{"line":40,"column":8},"end":{"line":42,"column":9}},"19":{"start":{"line":41,"column":12},"end":{"line":41,"column":99}},"20":{"start":{"line":45,"column":27},"end":{"line":45,"column":48}},"21":{"start":{"line":46,"column":8},"end":{"line":46,"column":34}},"22":{"start":{"line":47,"column":8},"end":{"line":47,"column":26}},"23":{"start":{"line":50,"column":28},"end":{"line":56,"column":10}},"24":{"start":{"line":59,"column":8},"end":{"line":70,"column":9}},"25":{"start":{"line":60,"column":12},"end":{"line":69,"column":13}},"26":{"start":{"line":61,"column":16},"end":{"line":66,"column":18}},"27":{"start":{"line":68,"column":16},"end":{"line":68,"column":85}},"28":{"start":{"line":72,"column":8},"end":{"line":76,"column":11}},"29":{"start":{"line":78,"column":8},"end":{"line":78,"column":57}},"30":{"start":{"line":79,"column":8},"end":{"line":79,"column":58}},"31":{"start":{"line":83,"column":24},"end":{"line":144,"column":1}},"32":{"start":{"line":84,"column":4},"end":{"line":143,"column":5}},"33":{"start":{"line":85,"column":23},"end":{"line":85,"column":38}},"34":{"start":{"line":86,"column":27},"end":{"line":86,"column":35}},"35":{"start":{"line":88,"column":8},"end":{"line":90,"column":9}},"36":{"start":{"line":89,"column":12},"end":{"line":89,"column":95}},"37":{"start":{"line":92,"column":21},"end":{"line":92,"column":48}},"38":{"start":{"line":93,"column":8},"end":{"line":95,"column":9}},"39":{"start":{"line":94,"column":12},"end":{"line":94,"column":71}},"40":{"start":{"line":98,"column":8},"end":{"line":100,"column":9}},"41":{"start":{"line":99,"column":12},"end":{"line":99,"column":99}},"42":{"start":{"line":103,"column":8},"end":{"line":105,"column":9}},"43":{"start":{"line":104,"column":12},"end":{"line":104,"column":77}},"44":{"start":{"line":108,"column":27},"end":{"line":108,"column":48}},"45":{"start":{"line":109,"column":8},"end":{"line":109,"column":34}},"46":{"start":{"line":110,"column":8},"end":{"line":110,"column":26}},"47":{"start":{"line":113,"column":28},"end":{"line":119,"column":10}},"48":{"start":{"line":122,"column":8},"end":{"line":133,"column":9}},"49":{"start":{"line":123,"column":12},"end":{"line":132,"column":13}},"50":{"start":{"line":124,"column":16},"end":{"line":129,"column":18}},"51":{"start":{"line":131,"column":16},"end":{"line":131,"column":88}},"52":{"start":{"line":135,"column":8},"end":{"line":139,"column":11}},"53":{"start":{"line":141,"column":8},"end":{"line":141,"column":57}},"54":{"start":{"line":142,"column":8},"end":{"line":142,"column":59}},"55":{"start":{"line":146,"column":37},"end":{"line":168,"column":1}},"56":{"start":{"line":147,"column":4},"end":{"line":167,"column":5}},"57":{"start":{"line":148,"column":23},"end":{"line":148,"column":38}},"58":{"start":{"line":149,"column":41},"end":{"line":149,"column":50}},"59":{"start":{"line":151,"column":29},"end":{"line":154,"column":37}},"60":{"start":{"line":156,"column":22},"end":{"line":156,"column":66}},"61":{"start":{"line":158,"column":8},"end":{"line":163,"column":11}},"62":{"start":{"line":165,"column":8},"end":{"line":165,"column":57}},"63":{"start":{"line":166,"column":8},"end":{"line":166,"column":75}}},"fnMap":{"0":{"name":"(anonymous_0)","decl":{"start":{"line":6,"column":26},"end":{"line":6,"column":31}},"loc":{"start":{"line":6,"column":46},"end":{"line":23,"column":1}},"line":6},"1":{"name":"(anonymous_1)","decl":{"start":{"line":25,"column":23},"end":{"line":25,"column":28}},"loc":{"start":{"line":25,"column":43},"end":{"line":81,"column":1}},"line":25},"2":{"name":"(anonymous_2)","decl":{"start":{"line":83,"column":24},"end":{"line":83,"column":29}},"loc":{"start":{"line":83,"column":44},"end":{"line":144,"column":1}},"line":83},"3":{"name":"(anonymous_3)","decl":{"start":{"line":146,"column":37},"end":{"line":146,"column":42}},"loc":{"start":{"line":146,"column":57},"end":{"line":168,"column":1}},"line":146}},"branchMap":{"0":{"loc":{"start":{"line":11,"column":8},"end":{"line":13,"column":9}},"type":"if","locations":[{"start":{"line":11,"column":8},"end":{"line":13,"column":9}},{"start":{},"end":{}}],"line":11},"1":{"loc":{"start":{"line":30,"column":8},"end":{"line":32,"column":9}},"type":"if","locations":[{"start":{"line":30,"column":8},"end":{"line":32,"column":9}},{"start":{},"end":{}}],"line":30},"2":{"loc":{"start":{"line":30,"column":12},"end":{"line":30,"column":34}},"type":"binary-expr","locations":[{"start":{"line":30,"column":12},"end":{"line":30,"column":19}},{"start":{"line":30,"column":23},"end":{"line":30,"column":34}}],"line":30},"3":{"loc":{"start":{"line":35,"column":8},"end":{"line":37,"column":9}},"type":"if","locations":[{"start":{"line":35,"column":8},"end":{"line":37,"column":9}},{"start":{},"end":{}}],"line":35},"4":{"loc":{"start":{"line":40,"column":8},"end":{"line":42,"column":9}},"type":"if","locations":[{"start":{"line":40,"column":8},"end":{"line":42,"column":9}},{"start":{},"end":{}}],"line":40},"5":{"loc":{"start":{"line":59,"column":8},"end":{"line":70,"column":9}},"type":"if","locations":[{"start":{"line":59,"column":8},"end":{"line":70,"column":9}},{"start":{},"end":{}}],"line":59},"6":{"loc":{"start":{"line":88,"column":8},"end":{"line":90,"column":9}},"type":"if","locations":[{"start":{"line":88,"column":8},"end":{"line":90,"column":9}},{"start":{},"end":{}}],"line":88},"7":{"loc":{"start":{"line":88,"column":12},"end":{"line":88,"column":34}},"type":"binary-expr","locations":[{"start":{"line":88,"column":12},"end":{"line":88,"column":19}},{"start":{"line":88,"column":23},"end":{"line":88,"column":34}}],"line":88},"8":{"loc":{"start":{"line":93,"column":8},"end":{"line":95,"column":9}},"type":"if","locations":[{"start":{"line":93,"column":8},"end":{"line":95,"column":9}},{"start":{},"end":{}}],"line":93},"9":{"loc":{"start":{"line":98,"column":8},"end":{"line":100,"column":9}},"type":"if","locations":[{"start":{"line":98,"column":8},"end":{"line":100,"column":9}},{"start":{},"end":{}}],"line":98},"10":{"loc":{"start":{"line":103,"column":8},"end":{"line":105,"column":9}},"type":"if","locations":[{"start":{"line":103,"column":8},"end":{"line":105,"column":9}},{"start":{},"end":{}}],"line":103},"11":{"loc":{"start":{"line":122,"column":8},"end":{"line":133,"column":9}},"type":"if","locations":[{"start":{"line":122,"column":8},"end":{"line":133,"column":9}},{"start":{},"end":{}}],"line":122},"12":{"loc":{"start":{"line":149,"column":16},"end":{"line":149,"column":24}},"type":"default-arg","locations":[{"start":{"line":149,"column":23},"end":{"line":149,"column":24}}],"line":149},"13":{"loc":{"start":{"line":149,"column":26},"end":{"line":149,"column":36}},"type":"default-arg","locations":[{"start":{"line":149,"column":34},"end":{"line":149,"column":36}}],"line":149}},"s":{"0":1,"1":0,"2":0,"3":0,"4":0,"5":0,"6":0,"7":0,"8":0,"9":1,"10":0,"11":0,"12":0,"13":0,"14":0,"15":0,"16":0,"17":0,"18":0,"19":0,"20":0,"21":0,"22":0,"23":0,"24":0,"25":0,"26":0,"27":0,"28":0,"29":0,"30":0,"31":1,"32":0,"33":0,"34":0,"35":0,"36":0,"37":0,"38":0,"39":0,"40":0,"41":0,"42":0,"43":0,"44":0,"45":0,"46":0,"47":0,"48":0,"49":0,"50":0,"51":0,"52":0,"53":0,"54":0,"55":1,"56":0,"57":0,"58":0,"59":0,"60":0,"61":0,"62":0,"63":0},"f":{"0":0,"1":0,"2":0,"3":0},"b":{"0":[0,0],"1":[0,0],"2":[0,0],"3":[0,0],"4":[0,0],"5":[0,0],"6":[0,0],"7":[0,0],"8":[0,0],"9":[0,0],"10":[0,0],"11":[0,0],"12":[0],"13":[0]},"meta":{"lastBranch":14,"lastFunction":4,"lastStatement":64,"seen":{"s:6:26:23:1":0,"f:6:26:6:31":0,"s:7:4:22:5":1,"s:8:23:8:38":2,"s:9:21:9:48":3,"b:11:8:13:9:undefined:undefined:undefined:undefined":0,"s:11:8:13:9":4,"s:12:12:12:71":5,"s:15:8:18:11":6,"s:20:8:20:57":7,"s:21:8:21:63":8,"s:25:23:81:1":9,"f:25:23:25:28":1,"s:26:4:80:5":10,"s:27:23:27:38":11,"s:28:27:28:35":12,"b:30:8:32:9:undefined:undefined:undefined:undefined":1,"s:30:8:32:9":13,"b:30:12:30:19:30:23:30:34":2,"s:31:12:31:95":14,"s:34:21:34:48":15,"b:35:8:37:9:undefined:undefined:undefined:undefined":3,"s:35:8:37:9":16,"s:36:12:36:71":17,"b:40:8:42:9:undefined:undefined:undefined:undefined":4,"s:40:8:42:9":18,"s:41:12:41:99":19,"s:45:27:45:48":20,"s:46:8:46:34":21,"s:47:8:47:26":22,"s:50:28:56:10":23,"b:59:8:70:9:undefined:undefined:undefined:undefined":5,"s:59:8:70:9":24,"s:60:12:69:13":25,"s:61:16:66:18":26,"s:68:16:68:85":27,"s:72:8:76:11":28,"s:78:8:78:57":29,"s:79:8:79:58":30,"s:83:24:144:1":31,"f:83:24:83:29":2,"s:84:4:143:5":32,"s:85:23:85:38":33,"s:86:27:86:35":34,"b:88:8:90:9:undefined:undefined:undefined:undefined":6,"s:88:8:90:9":35,"b:88:12:88:19:88:23:88:34":7,"s:89:12:89:95":36,"s:92:21:92:48":37,"b:93:8:95:9:undefined:undefined:undefined:undefined":8,"s:93:8:95:9":38,"s:94:12:94:71":39,"b:98:8:100:9:undefined:undefined:undefined:undefined":9,"s:98:8:100:9":40,"s:99:12:99:99":41,"b:103:8:105:9:undefined:undefined:undefined:undefined":10,"s:103:8:105:9":42,"s:104:12:104:77":43,"s:108:27:108:48":44,"s:109:8:109:34":45,"s:110:8:110:26":46,"s:113:28:119:10":47,"b:122:8:133:9:undefined:undefined:undefined:undefined":11,"s:122:8:133:9":48,"s:123:12:132:13":49,"s:124:16:129:18":50,"s:131:16:131:88":51,"s:135:8:139:11":52,"s:141:8:141:57":53,"s:142:8:142:59":54,"s:146:37:168:1":55,"f:146:37:146:42":3,"s:147:4:167:5":56,"s:148:23:148:38":57,"s:149:41:149:50":58,"b:149:23:149:24":12,"b:149:34:149:36":13,"s:151:29:154:37":59,"s:156:22:156:66":60,"s:158:8:163:11":61,"s:165:8:165:57":62,"s:166:8:166:75":63}}}
,"C:\\Users\\mugis\\Desktop\\dev\\credit-jambo\\savings-ms-client\\backend\\src\\dtos\\user.dto.js": {"path":"C:\\Users\\mugis\\Desktop\\dev\\credit-jambo\\savings-ms-client\\backend\\src\\dtos\\user.dto.js","statementMap":{"0":{"start":{"line":1,"column":25},"end":{"line":11,"column":1}},"1":{"start":{"line":2,"column":4},"end":{"line":10,"column":6}}},"fnMap":{"0":{"name":"(anonymous_0)","decl":{"start":{"line":1,"column":25},"end":{"line":1,"column":26}},"loc":{"start":{"line":1,"column":35},"end":{"line":11,"column":1}},"line":1}},"branchMap":{},"s":{"0":1,"1":2},"f":{"0":2},"b":{},"meta":{"lastBranch":0,"lastFunction":1,"lastStatement":2,"seen":{"s:1:25:11:1":0,"f:1:25:1:26":0,"s:2:4:10:6":1}}}
,"C:\\Users\\mugis\\Desktop\\dev\\credit-jambo\\savings-ms-client\\backend\\src\\middlewares\\auth.middleware.js": {"path":"C:\\Users\\mugis\\Desktop\\dev\\credit-jambo\\savings-ms-client\\backend\\src\\middlewares\\auth.middleware.js","statementMap":{"0":{"start":{"line":4,"column":28},"end":{"line":26,"column":1}},"1":{"start":{"line":5,"column":4},"end":{"line":25,"column":5}},"2":{"start":{"line":7,"column":27},"end":{"line":7,"column":52}},"3":{"start":{"line":9,"column":8},"end":{"line":11,"column":9}},"4":{"start":{"line":10,"column":12},"end":{"line":10,"column":120}},"5":{"start":{"line":14,"column":22},"end":{"line":14,"column":45}},"6":{"start":{"line":17,"column":23},"end":{"line":17,"column":48}},"7":{"start":{"line":20,"column":8},"end":{"line":20,"column":27}},"8":{"start":{"line":22,"column":8},"end":{"line":22,"column":15}},"9":{"start":{"line":24,"column":8},"end":{"line":24,"column":64}},"10":{"start":{"line":29,"column":33},"end":{"line":48,"column":1}},"11":{"start":{"line":30,"column":4},"end":{"line":47,"column":5}},"12":{"start":{"line":31,"column":27},"end":{"line":31,"column":52}},"13":{"start":{"line":32,"column":8},"end":{"line":34,"column":9}},"14":{"start":{"line":33,"column":12},"end":{"line":33,"column":120}},"15":{"start":{"line":35,"column":22},"end":{"line":35,"column":45}},"16":{"start":{"line":36,"column":23},"end":{"line":36,"column":48}},"17":{"start":{"line":39,"column":8},"end":{"line":41,"column":9}},"18":{"start":{"line":40,"column":12},"end":{"line":40,"column":78}},"19":{"start":{"line":43,"column":8},"end":{"line":43,"column":28}},"20":{"start":{"line":44,"column":8},"end":{"line":44,"column":15}},"21":{"start":{"line":46,"column":8},"end":{"line":46,"column":64}}},"fnMap":{"0":{"name":"(anonymous_0)","decl":{"start":{"line":4,"column":28},"end":{"line":4,"column":29}},"loc":{"start":{"line":4,"column":48},"end":{"line":26,"column":1}},"line":4},"1":{"name":"(anonymous_1)","decl":{"start":{"line":29,"column":33},"end":{"line":29,"column":34}},"loc":{"start":{"line":29,"column":53},"end":{"line":48,"column":1}},"line":29}},"branchMap":{"0":{"loc":{"start":{"line":9,"column":8},"end":{"line":11,"column":9}},"type":"if","locations":[{"start":{"line":9,"column":8},"end":{"line":11,"column":9}},{"start":{},"end":{}}],"line":9},"1":{"loc":{"start":{"line":9,"column":12},"end":{"line":9,"column":60}},"type":"binary-expr","locations":[{"start":{"line":9,"column":12},"end":{"line":9,"column":23}},{"start":{"line":9,"column":27},"end":{"line":9,"column":60}}],"line":9},"2":{"loc":{"start":{"line":32,"column":8},"end":{"line":34,"column":9}},"type":"if","locations":[{"start":{"line":32,"column":8},"end":{"line":34,"column":9}},{"start":{},"end":{}}],"line":32},"3":{"loc":{"start":{"line":32,"column":12},"end":{"line":32,"column":60}},"type":"binary-expr","locations":[{"start":{"line":32,"column":12},"end":{"line":32,"column":23}},{"start":{"line":32,"column":27},"end":{"line":32,"column":60}}],"line":32},"4":{"loc":{"start":{"line":39,"column":8},"end":{"line":41,"column":9}},"type":"if","locations":[{"start":{"line":39,"column":8},"end":{"line":41,"column":9}},{"start":{},"end":{}}],"line":39}},"s":{"0":1,"1":0,"2":0,"3":0,"4":0,"5":0,"6":0,"7":0,"8":0,"9":0,"10":1,"11":0,"12":0,"13":0,"14":0,"15":0,"16":0,"17":0,"18":0,"19":0,"20":0,"21":0},"f":{"0":0,"1":0},"b":{"0":[0,0],"1":[0,0],"2":[0,0],"3":[0,0],"4":[0,0]},"meta":{"lastBranch":5,"lastFunction":2,"lastStatement":22,"seen":{"s:4:28:26:1":0,"f:4:28:4:29":0,"s:5:4:25:5":1,"s:7:27:7:52":2,"b:9:8:11:9:undefined:undefined:undefined:undefined":0,"s:9:8:11:9":3,"b:9:12:9:23:9:27:9:60":1,"s:10:12:10:120":4,"s:14:22:14:45":5,"s:17:23:17:48":6,"s:20:8:20:27":7,"s:22:8:22:15":8,"s:24:8:24:64":9,"s:29:33:48:1":10,"f:29:33:29:34":1,"s:30:4:47:5":11,"s:31:27:31:52":12,"b:32:8:34:9:undefined:undefined:undefined:undefined":2,"s:32:8:34:9":13,"b:32:12:32:23:32:27:32:60":3,"s:33:12:33:120":14,"s:35:22:35:45":15,"s:36:23:36:48":16,"b:39:8:41:9:undefined:undefined:undefined:undefined":4,"s:39:8:41:9":17,"s:40:12:40:78":18,"s:43:8:43:28":19,"s:44:8:44:15":20,"s:46:8:46:64":21}}}
,"C:\\Users\\mugis\\Desktop\\dev\\credit-jambo\\savings-ms-client\\backend\\src\\middlewares\\validation.js": {"path":"C:\\Users\\mugis\\Desktop\\dev\\credit-jambo\\savings-ms-client\\backend\\src\\middlewares\\validation.js","statementMap":{"0":{"start":{"line":1,"column":17},"end":{"line":9,"column":1}},"1":{"start":{"line":1,"column":29},"end":{"line":9,"column":1}},"2":{"start":{"line":2,"column":29},"end":{"line":2,"column":54}},"3":{"start":{"line":3,"column":4},"end":{"line":5,"column":5}},"4":{"start":{"line":4,"column":6},"end":{"line":4,"column":71}},"5":{"start":{"line":6,"column":4},"end":{"line":6,"column":21}},"6":{"start":{"line":7,"column":4},"end":{"line":7,"column":11}}},"fnMap":{"0":{"name":"(anonymous_0)","decl":{"start":{"line":1,"column":17},"end":{"line":1,"column":18}},"loc":{"start":{"line":1,"column":29},"end":{"line":9,"column":1}},"line":1},"1":{"name":"(anonymous_1)","decl":{"start":{"line":1,"column":29},"end":{"line":1,"column":30}},"loc":{"start":{"line":1,"column":49},"end":{"line":9,"column":1}},"line":1}},"branchMap":{"0":{"loc":{"start":{"line":3,"column":4},"end":{"line":5,"column":5}},"type":"if","locations":[{"start":{"line":3,"column":4},"end":{"line":5,"column":5}},{"start":{},"end":{}}],"line":3}},"s":{"0":1,"1":7,"2":6,"3":6,"4":0,"5":6,"6":6},"f":{"0":7,"1":6},"b":{"0":[0,6]},"meta":{"lastBranch":1,"lastFunction":2,"lastStatement":7,"seen":{"s:1:17:9:1":0,"f:1:17:1:18":0,"s:1:29:9:1":1,"f:1:29:1:30":1,"s:2:29:2:54":2,"b:3:4:5:5:undefined:undefined:undefined:undefined":0,"s:3:4:5:5":3,"s:4:6:4:71":4,"s:6:4:6:21":5,"s:7:4:7:11":6}}}
,"C:\\Users\\mugis\\Desktop\\dev\\credit-jambo\\savings-ms-client\\backend\\src\\models\\admin.model.js": {"path":"C:\\Users\\mugis\\Desktop\\dev\\credit-jambo\\savings-ms-client\\backend\\src\\models\\admin.model.js","statementMap":{"0":{"start":{"line":3,"column":20},"end":{"line":7,"column":24}},"1":{"start":{"line":9,"column":21},"end":{"line":9,"column":57}}},"fnMap":{},"branchMap":{},"s":{"0":1,"1":1},"f":{},"b":{},"meta":{"lastBranch":0,"lastFunction":0,"lastStatement":2,"seen":{"s:3:20:7:24":0,"s:9:21:9:57":1}}}
,"C:\\Users\\mugis\\Desktop\\dev\\credit-jambo\\savings-ms-client\\backend\\src\\models\\transaction.model.js": {"path":"C:\\Users\\mugis\\Desktop\\dev\\credit-jambo\\savings-ms-client\\backend\\src\\models\\transaction.model.js","statementMap":{"0":{"start":{"line":3,"column":26},"end":{"line":27,"column":24}},"1":{"start":{"line":29,"column":27},"end":{"line":29,"column":75}}},"fnMap":{},"branchMap":{},"s":{"0":1,"1":1},"f":{},"b":{},"meta":{"lastBranch":0,"lastFunction":0,"lastStatement":2,"seen":{"s:3:26:27:24":0,"s:29:27:29:75":1}}}
,"C:\\Users\\mugis\\Desktop\\dev\\credit-jambo\\savings-ms-client\\backend\\src\\models\\user.model.js": {"path":"C:\\Users\\mugis\\Desktop\\dev\\credit-jambo\\savings-ms-client\\backend\\src\\models\\user.model.js","statementMap":{"0":{"start":{"line":3,"column":19},"end":{"line":11,"column":22}},"1":{"start":{"line":13,"column":20},"end":{"line":13,"column":54}}},"fnMap":{},"branchMap":{},"s":{"0":1,"1":1},"f":{},"b":{},"meta":{"lastBranch":0,"lastFunction":0,"lastStatement":2,"seen":{"s:3:19:11:22":0,"s:13:20:13:54":1}}}
,"C:\\Users\\mugis\\Desktop\\dev\\credit-jambo\\savings-ms-client\\backend\\src\\routes\\admin.route.js": {"path":"C:\\Users\\mugis\\Desktop\\dev\\credit-jambo\\savings-ms-client\\backend\\src\\routes\\admin.route.js","statementMap":{"0":{"start":{"line":15,"column":15},"end":{"line":15,"column":31}},"1":{"start":{"line":47,"column":25},"end":{"line":50,"column":2}},"2":{"start":{"line":51,"column":0},"end":{"line":51,"column":null}},"3":{"start":{"line":54,"column":0},"end":{"line":54,"column":null}},"4":{"start":{"line":68,"column":0},"end":{"line":68,"column":null}},"5":{"start":{"line":82,"column":0},"end":{"line":82,"column":null}},"6":{"start":{"line":105,"column":0},"end":{"line":105,"column":null}},"7":{"start":{"line":125,"column":0},"end":{"line":125,"column":null}},"8":{"start":{"line":145,"column":0},"end":{"line":145,"column":null}},"9":{"start":{"line":168,"column":0},"end":{"line":168,"column":null}}},"fnMap":{},"branchMap":{},"s":{"0":1,"1":1,"2":1,"3":1,"4":1,"5":1,"6":1,"7":1,"8":1,"9":1},"f":{},"b":{},"meta":{"lastBranch":0,"lastFunction":0,"lastStatement":10,"seen":{"s:15:15:15:31":0,"s:47:25:50:2":1,"s:51:0:51:Infinity":2,"s:54:0:54:Infinity":3,"s:68:0:68:Infinity":4,"s:82:0:82:Infinity":5,"s:105:0:105:Infinity":6,"s:125:0:125:Infinity":7,"s:145:0:145:Infinity":8,"s:168:0:168:Infinity":9}}}
,"C:\\Users\\mugis\\Desktop\\dev\\credit-jambo\\savings-ms-client\\backend\\src\\routes\\auth.route.js": {"path":"C:\\Users\\mugis\\Desktop\\dev\\credit-jambo\\savings-ms-client\\backend\\src\\routes\\auth.route.js","statementMap":{"0":{"start":{"line":12,"column":15},"end":{"line":12,"column":31}},"1":{"start":{"line":22,"column":23},"end":{"line":28,"column":2}},"2":{"start":{"line":30,"column":20},"end":{"line":34,"column":2}},"3":{"start":{"line":36,"column":27},"end":{"line":38,"column":2}},"4":{"start":{"line":40,"column":30},"end":{"line":42,"column":2}},"5":{"start":{"line":70,"column":0},"end":{"line":70,"column":65}},"6":{"start":{"line":96,"column":0},"end":{"line":96,"column":56}},"7":{"start":{"line":126,"column":0},"end":{"line":126,"column":72}},"8":{"start":{"line":151,"column":0},"end":{"line":156,"column":2}}},"fnMap":{},"branchMap":{},"s":{"0":1,"1":1,"2":1,"3":1,"4":1,"5":1,"6":1,"7":1,"8":1},"f":{},"b":{},"meta":{"lastBranch":0,"lastFunction":0,"lastStatement":9,"seen":{"s:12:15:12:31":0,"s:22:23:28:2":1,"s:30:20:34:2":2,"s:36:27:38:2":3,"s:40:30:42:2":4,"s:70:0:70:65":5,"s:96:0:96:56":6,"s:126:0:126:72":7,"s:151:0:156:2":8}}}
,"C:\\Users\\mugis\\Desktop\\dev\\credit-jambo\\savings-ms-client\\backend\\src\\routes\\savings.route.js": {"path":"C:\\Users\\mugis\\Desktop\\dev\\credit-jambo\\savings-ms-client\\backend\\src\\routes\\savings.route.js","statementMap":{"0":{"start":{"line":12,"column":15},"end":{"line":12,"column":31}},"1":{"start":{"line":22,"column":21},"end":{"line":24,"column":2}},"2":{"start":{"line":27,"column":0},"end":{"line":27,"column":25}},"3":{"start":{"line":50,"column":0},"end":{"line":50,"column":35}},"4":{"start":{"line":77,"column":0},"end":{"line":77,"column":57}},"5":{"start":{"line":104,"column":0},"end":{"line":104,"column":59}},"6":{"start":{"line":138,"column":0},"end":{"line":138,"column":46}}},"fnMap":{},"branchMap":{},"s":{"0":1,"1":1,"2":1,"3":1,"4":1,"5":1,"6":1},"f":{},"b":{},"meta":{"lastBranch":0,"lastFunction":0,"lastStatement":7,"seen":{"s:12:15:12:31":0,"s:22:21:24:2":1,"s:27:0:27:25":2,"s:50:0:50:35":3,"s:77:0:77:57":4,"s:104:0:104:59":5,"s:138:0:138:46":6}}}
,"C:\\Users\\mugis\\Desktop\\dev\\credit-jambo\\savings-ms-client\\backend\\src\\utils\\jwt-utils.js": {"path":"C:\\Users\\mugis\\Desktop\\dev\\credit-jambo\\savings-ms-client\\backend\\src\\utils\\jwt-utils.js","statementMap":{"0":{"start":{"line":4,"column":35},"end":{"line":6,"column":1}},"1":{"start":{"line":5,"column":4},"end":{"line":5,"column":75}},"2":{"start":{"line":9,"column":36},"end":{"line":11,"column":1}},"3":{"start":{"line":10,"column":4},"end":{"line":10,"column":78}},"4":{"start":{"line":14,"column":33},"end":{"line":20,"column":1}},"5":{"start":{"line":15,"column":4},"end":{"line":19,"column":5}},"6":{"start":{"line":16,"column":8},"end":{"line":16,"column":57}},"7":{"start":{"line":18,"column":8},"end":{"line":18,"column":59}},"8":{"start":{"line":23,"column":34},"end":{"line":29,"column":1}},"9":{"start":{"line":24,"column":4},"end":{"line":28,"column":5}},"10":{"start":{"line":25,"column":8},"end":{"line":25,"column":61}},"11":{"start":{"line":27,"column":8},"end":{"line":27,"column":60}}},"fnMap":{"0":{"name":"(anonymous_0)","decl":{"start":{"line":4,"column":35},"end":{"line":4,"column":36}},"loc":{"start":{"line":4,"column":48},"end":{"line":6,"column":1}},"line":4},"1":{"name":"(anonymous_1)","decl":{"start":{"line":9,"column":36},"end":{"line":9,"column":37}},"loc":{"start":{"line":9,"column":49},"end":{"line":11,"column":1}},"line":9},"2":{"name":"(anonymous_2)","decl":{"start":{"line":14,"column":33},"end":{"line":14,"column":34}},"loc":{"start":{"line":14,"column":44},"end":{"line":20,"column":1}},"line":14},"3":{"name":"(anonymous_3)","decl":{"start":{"line":23,"column":34},"end":{"line":23,"column":35}},"loc":{"start":{"line":23,"column":45},"end":{"line":29,"column":1}},"line":23}},"branchMap":{},"s":{"0":1,"1":1,"2":1,"3":1,"4":1,"5":0,"6":0,"7":0,"8":1,"9":0,"10":0,"11":0},"f":{"0":1,"1":1,"2":0,"3":0},"b":{},"meta":{"lastBranch":0,"lastFunction":4,"lastStatement":12,"seen":{"s:4:35:6:1":0,"f:4:35:4:36":0,"s:5:4:5:75":1,"s:9:36:11:1":2,"f:9:36:9:37":1,"s:10:4:10:78":3,"s:14:33:20:1":4,"f:14:33:14:34":2,"s:15:4:19:5":5,"s:16:8:16:57":6,"s:18:8:18:59":7,"s:23:34:29:1":8,"f:23:34:23:35":3,"s:24:4:28:5":9,"s:25:8:25:61":10,"s:27:8:27:60":11}}}
,"C:\\Users\\mugis\\Desktop\\dev\\credit-jambo\\savings-ms-client\\backend\\src\\utils\\push-notifications.js": {"path":"C:\\Users\\mugis\\Desktop\\dev\\credit-jambo\\savings-ms-client\\backend\\src\\utils\\push-notifications.js","statementMap":{"0":{"start":{"line":10,"column":36},"end":{"line":35,"column":1}},"1":{"start":{"line":11,"column":2},"end":{"line":34,"column":3}},"2":{"start":{"line":12,"column":20},"end":{"line":19,"column":5}},"3":{"start":{"line":21,"column":21},"end":{"line":27,"column":6}},"4":{"start":{"line":29,"column":4},"end":{"line":29,"column":58}},"5":{"start":{"line":30,"column":4},"end":{"line":30,"column":25}},"6":{"start":{"line":32,"column":4},"end":{"line":32,"column":69}},"7":{"start":{"line":33,"column":4},"end":{"line":33,"column":16}}},"fnMap":{"0":{"name":"(anonymous_0)","decl":{"start":{"line":10,"column":36},"end":{"line":10,"column":41}},"loc":{"start":{"line":10,"column":81},"end":{"line":35,"column":1}},"line":10}},"branchMap":{"0":{"loc":{"start":{"line":10,"column":67},"end":{"line":10,"column":76}},"type":"default-arg","locations":[{"start":{"line":10,"column":74},"end":{"line":10,"column":76}}],"line":10}},"s":{"0":1,"1":1,"2":1,"3":1,"4":1,"5":1,"6":0,"7":0},"f":{"0":1},"b":{"0":[1]},"meta":{"lastBranch":1,"lastFunction":1,"lastStatement":8,"seen":{"s:10:36:35:1":0,"f:10:36:10:41":0,"b:10:74:10:76":0,"s:11:2:34:3":1,"s:12:20:19:5":2,"s:21:21:27:6":3,"s:29:4:29:58":4,"s:30:4:30:25":5,"s:32:4:32:69":6,"s:33:4:33:16":7}}}
}
